<?xml version="1.0" encoding="UTF-8"?>
<!-- Generated by org.testng.reporters.JUnitXMLReporter -->
<testsuite ignored="0" hostname="DESKTOP-4DEEQQQ" failures="5" tests="17" name="Test" time="18.423" errors="0" timestamp="2023-06-02T15:58:59 IST">
  <testcase classname="TestNGAPI.GetRequestValidationTask" name="validategetdemo" time="2.791"/>
  <testcase classname="TestNGAPI.GetRequestValidationTask" name="validateResponseCodeUsingGet" time="0.025">
    <failure type="java.lang.AssertionError" message="expected [200] but found [404]">
      <![CDATA[java.lang.AssertionError: expected [200] but found [404]
at TestNGAPI.GetRequestValidationTask.validateResponseCodeUsingGet(GetRequestValidationTask.java:60)
at java.base/java.util.ArrayList.forEach(ArrayList.java:1511)
... Removed 33 stack frames]]>
    </failure>
  </testcase> <!-- validateResponseCodeUsingGet -->
  <testcase classname="TestNGAPI.GetRequestValidationTask" name="validateResponsePayLoadEmail" time="0.059">
    <failure type="java.lang.AssertionError" message="expected [george.bluth@reqres.in] but found [null]">
      <![CDATA[java.lang.AssertionError: expected [george.bluth@reqres.in] but found [null]
at TestNGAPI.GetRequestValidationTask.validateResponsePayLoadEmail(GetRequestValidationTask.java:66)
at java.base/java.util.ArrayList.forEach(ArrayList.java:1511)
... Removed 33 stack frames]]>
    </failure>
  </testcase> <!-- validateResponsePayLoadEmail -->
  <testcase classname="TestNGAPI.GetRequestValidationTask" name="validateResponsePayLoadFirstName" time="0.049">
    <failure type="java.lang.AssertionError" message="expected [George] but found [null]">
      <![CDATA[java.lang.AssertionError: expected [George] but found [null]
at TestNGAPI.GetRequestValidationTask.validateResponsePayLoadFirstName(GetRequestValidationTask.java:71)
at java.base/java.util.ArrayList.forEach(ArrayList.java:1511)
... Removed 33 stack frames]]>
    </failure>
  </testcase> <!-- validateResponsePayLoadFirstName -->
  <testcase classname="TestNGAPI.GetRequestValidationTask" name="validateResponsePayLoadLastName" time="0.047">
    <failure type="java.lang.AssertionError" message="expected [Bluth] but found [null]">
      <![CDATA[java.lang.AssertionError: expected [Bluth] but found [null]
at TestNGAPI.GetRequestValidationTask.validateResponsePayLoadLastName(GetRequestValidationTask.java:76)
at java.base/java.util.ArrayList.forEach(ArrayList.java:1511)
... Removed 33 stack frames]]>
    </failure>
  </testcase> <!-- validateResponsePayLoadLastName -->
  <testcase classname="TestNGAPI.GetRequestValidationTask" name="validateResponseAvatar" time="0.051">
    <failure type="java.lang.AssertionError" message="expected [avatar&amp;quot;:&amp;quot;https://reqres.in/img/faces/1-image.jpg] but found [null]">
      <![CDATA[java.lang.AssertionError: expected [avatar":"https://reqres.in/img/faces/1-image.jpg] but found [null]
at TestNGAPI.GetRequestValidationTask.validateResponseAvatar(GetRequestValidationTask.java:81)
at java.base/java.util.ArrayList.forEach(ArrayList.java:1511)
... Removed 33 stack frames]]>
    </failure>
  </testcase> <!-- validateResponseAvatar -->
  <testcase classname="TestNGAPI.EndToEndFLow" name="validateStatusCode" time="0.004"/>
  <testcase classname="TestNGAPI.EndToEndFLow" name="validateResponsePayLoadEmail1" time="0.115"/>
  <testcase classname="TestNGAPI.EndToEndFLow" name="validateResponsePayLoadFirst_Name" time="0.047"/>
  <testcase classname="TestNGAPI.EndToEndFLow" name="validateResponsePayLoadLast_Name" time="0.046"/>
  <testcase classname="TestNGAPI.EndToEndFLow" name="validateResponsePayLoadAvatar1" time="0.046"/>
  <testcase classname="TestNGAPI.EndToEndFLow" name="updateEntityUsingPutRequest" time="0.563"/>
  <testcase classname="TestNGAPI.EndToEndFLow" name="validateResponsePayLoadEmailPut" time="0.051"/>
  <testcase classname="TestNGAPI.EndToEndFLow" name="validateResponsePayLoadFirstNamePut" time="0.047"/>
  <testcase classname="TestNGAPI.EndToEndFLow" name="validateResponsePayLoadLastNamePut" time="0.045"/>
  <testcase classname="TestNGAPI.EndToEndFLow" name="validateResponsePayLoadAvatarPut" time="0.047"/>
  <testcase classname="TestNGAPI.EndToEndFLow" name="validateStatusCodePut" time="0.005"/>
</testsuite> <!-- Test -->
